[19:48:05] [ServerMain/INFO]: Environment: Environment[sessionHost=https://sessionserver.mojang.com, servicesHost=https://api.minecraftservices.com, name=PROD]
[19:48:07] [ServerMain/INFO]: Loaded 1290 recipes
[19:48:07] [ServerMain/INFO]: Loaded 1399 advancements
[19:48:07] [Server thread/INFO]: Starting minecraft server version 1.21.1
[19:48:07] [Server thread/INFO]: Loading properties
[19:48:07] [Server thread/INFO]: Default game type: SURVIVAL
[19:48:07] [Server thread/INFO]: Generating keypair
[19:48:07] [Server thread/INFO]: Starting Minecraft server on *:25565
[19:48:07] [Server thread/INFO]: Using epoll channel type
[19:48:08] [Server thread/INFO]: Preparing level "world"
[19:48:11] [Server thread/INFO]: Preparing start region for dimension minecraft:overworld
[19:48:11] [Worker-Main-1/INFO]: Preparing spawn area: 0%
[19:48:11] [Server thread/INFO]: Time elapsed: 532 ms
[19:48:11] [Server thread/INFO]: Done (3.611s)! For help, type "help"
[19:48:28] [Server thread/INFO]: Nothing changed. The player already is an operator
[19:49:31] [User Authenticator #1/INFO]: UUID of player Dekinaiii is 6a3ffaff-37bf-4f08-8033-6bb9a22e561b
[19:49:32] [Server thread/INFO]: Dekinaiii[/[0:0:0:0:0:0:0:1%0]:51984] logged in with entity id 55 at (250.81282345102633, 90.0, 8.876983708286367)
[19:49:33] [Server thread/INFO]: Dekinaiii joined the game
[19:50:03] [Server thread/INFO]: Dekinaiii lost connection: Timed out
[19:50:03] [Server thread/INFO]: Dekinaiii left the game
[19:52:18] [User Authenticator #2/INFO]: UUID of player Dekinaiii is 6a3ffaff-37bf-4f08-8033-6bb9a22e561b
[19:52:20] [Server thread/INFO]: Dekinaiii[/[0:0:0:0:0:0:0:1%0]:36470] logged in with entity id 276 at (256.84361531626644, 104.11813560797107, 3.363196003808543)
[19:52:20] [Server thread/INFO]: Dekinaiii joined the game
[19:52:48] [Server thread/INFO]: Dekinaiii has made the advancement [Monster Hunter]
